{"/home/gessemberg/Documentos/practicas /PracticasTypescriptReact---2025/02-first-steps/src/FirstStepsApp.tsx": {"path":"/home/gessemberg/Documentos/practicas /PracticasTypescriptReact---2025/02-first-steps/src/FirstStepsApp.tsx","statementMap":{"0":{"start":{"line":8,"column":34},"end":{"line":12,"column":null}},"1":{"start":{"line":15,"column":2},"end":{"line":20,"column":39}},"2":{"start":{"line":19,"column":49},"end":{"line":20,"column":39}}},"fnMap":{"0":{"name":"FirstStepsApp","decl":{"start":{"line":14,"column":16},"end":{"line":14,"column":null}},"loc":{"start":{"line":14,"column":16},"end":{"line":29,"column":null}},"line":14},"1":{"name":"(anonymous_1)","decl":{"start":{"line":19,"column":23},"end":{"line":19,"column":24}},"loc":{"start":{"line":19,"column":49},"end":{"line":20,"column":39}},"line":19}},"branchMap":{},"s":{"0":1,"1":3,"2":9},"f":{"0":3,"1":9},"b":{},"meta":{"lastBranch":0,"lastFunction":2,"lastStatement":3,"seen":{"s:8:34:12:Infinity":0,"f:14:16:14:Infinity":0,"s:15:2:20:39":1,"f:19:23:19:24":1,"s:19:49:20:39":2}}}
,"/home/gessemberg/Documentos/practicas /PracticasTypescriptReact---2025/02-first-steps/src/MyAwesomeApp.tsx": {"path":"/home/gessemberg/Documentos/practicas /PracticasTypescriptReact---2025/02-first-steps/src/MyAwesomeApp.tsx","statementMap":{"0":{"start":{"line":4,"column":20},"end":{"line":4,"column":null}},"1":{"start":{"line":5,"column":19},"end":{"line":5,"column":null}},"2":{"start":{"line":6,"column":24},"end":{"line":6,"column":null}},"3":{"start":{"line":7,"column":19},"end":{"line":7,"column":null}},"4":{"start":{"line":8,"column":18},"end":{"line":11,"column":null}},"5":{"start":{"line":12,"column":33},"end":{"line":17,"column":null}},"6":{"start":{"line":19,"column":2},"end":{"line":26,"column":null}}},"fnMap":{"0":{"name":"MyAwesomeApp","decl":{"start":{"line":3,"column":16},"end":{"line":3,"column":null}},"loc":{"start":{"line":3,"column":16},"end":{"line":31,"column":null}},"line":3}},"branchMap":{"0":{"loc":{"start":{"line":25,"column":7},"end":{"line":25,"column":null}},"type":"cond-expr","locations":[{"start":{"line":25,"column":18},"end":{"line":25,"column":29}},{"start":{"line":25,"column":29},"end":{"line":25,"column":null}}],"line":25}},"s":{"0":4,"1":4,"2":4,"3":4,"4":4,"5":4,"6":4},"f":{"0":4},"b":{"0":[4,0]},"meta":{"lastBranch":1,"lastFunction":1,"lastStatement":7,"seen":{"f:3:16:3:Infinity":0,"s:4:20:4:Infinity":0,"s:5:19:5:Infinity":1,"s:6:24:6:Infinity":2,"s:7:19:7:Infinity":3,"s:8:18:11:Infinity":4,"s:12:33:17:Infinity":5,"s:19:2:26:Infinity":6,"b:25:18:25:29:25:29:25:Infinity":0}}}
,"/home/gessemberg/Documentos/practicas /PracticasTypescriptReact---2025/02-first-steps/src/helpers/math.helper.ts": {"path":"/home/gessemberg/Documentos/practicas /PracticasTypescriptReact---2025/02-first-steps/src/helpers/math.helper.ts","statementMap":{"0":{"start":{"line":1,"column":19},"end":{"line":4,"column":null}},"1":{"start":{"line":2,"column":0},"end":{"line":2,"column":null}},"2":{"start":{"line":6,"column":24},"end":{"line":8,"column":null}},"3":{"start":{"line":8,"column":0},"end":{"line":8,"column":12}},"4":{"start":{"line":10,"column":24},"end":{"line":13,"column":null}},"5":{"start":{"line":12,"column":0},"end":{"line":12,"column":null}},"6":{"start":{"line":14,"column":22},"end":{"line":16,"column":null}},"7":{"start":{"line":16,"column":0},"end":{"line":16,"column":11}}},"fnMap":{"0":{"name":"(anonymous_0)","decl":{"start":{"line":1,"column":19},"end":{"line":1,"column":20}},"loc":{"start":{"line":1,"column":31},"end":{"line":4,"column":null}},"line":1},"1":{"name":"(anonymous_1)","decl":{"start":{"line":6,"column":24},"end":{"line":6,"column":25}},"loc":{"start":{"line":6,"column":37},"end":{"line":8,"column":null}},"line":6},"2":{"name":"(anonymous_2)","decl":{"start":{"line":10,"column":24},"end":{"line":10,"column":25}},"loc":{"start":{"line":10,"column":36},"end":{"line":13,"column":null}},"line":10},"3":{"name":"(anonymous_3)","decl":{"start":{"line":14,"column":22},"end":{"line":14,"column":23}},"loc":{"start":{"line":14,"column":34},"end":{"line":16,"column":null}},"line":14}},"branchMap":{},"s":{"0":1,"1":1,"2":1,"3":2,"4":1,"5":2,"6":1,"7":1},"f":{"0":1,"1":2,"2":2,"3":1},"b":{},"meta":{"lastBranch":0,"lastFunction":4,"lastStatement":8,"seen":{"s:1:19:4:Infinity":0,"f:1:19:1:20":0,"s:2:0:2:Infinity":1,"s:6:24:8:Infinity":2,"f:6:24:6:25":1,"s:8:0:8:12":3,"s:10:24:13:Infinity":4,"f:10:24:10:25":2,"s:12:0:12:Infinity":5,"s:14:22:16:Infinity":6,"f:14:22:14:23":3,"s:16:0:16:11":7}}}
}
